<?xml version="1.0" encoding="UTF-8"?>
<testng-results skipped="0" failed="0" ignored="0" total="4" passed="4">
  <reporter-output>
  </reporter-output>
  <suite name="Default suite" duration-ms="23461" started-at="2019-04-23T09:22:38Z" finished-at="2019-04-23T09:23:01Z">
    <groups>
    </groups>
    <test name="Default test" duration-ms="23461" started-at="2019-04-23T09:22:38Z" finished-at="2019-04-23T09:23:01Z">
      <class name="OnlineShoppingTest">
        <test-method status="PASS" signature="startReportBeforeTest()[pri:0, instance:OnlineShoppingTest@1700915]" name="startReportBeforeTest" is-config="true" duration-ms="269" started-at="2019-04-23T09:22:38Z" finished-at="2019-04-23T09:22:38Z">
          <reporter-output>
          </reporter-output>
        </test-method> <!-- startReportBeforeTest -->
        <test-method status="PASS" signature="beforClass()[pri:0, instance:OnlineShoppingTest@1700915]" name="beforClass" is-config="true" duration-ms="11012" started-at="2019-04-23T09:22:38Z" finished-at="2019-04-23T09:22:49Z">
          <reporter-output>
          </reporter-output>
        </test-method> <!-- beforClass -->
        <test-method status="PASS" signature="testRegistration()[pri:1, instance:OnlineShoppingTest@1700915]" name="testRegistration" duration-ms="3144" started-at="2019-04-23T09:22:49Z" finished-at="2019-04-23T09:22:52Z">
          <reporter-output>
          </reporter-output>
        </test-method> <!-- testRegistration -->
        <test-method status="PASS" signature="getResultAfterMethod(org.testng.ITestResult)[pri:0, instance:OnlineShoppingTest@1700915]" name="getResultAfterMethod" is-config="true" duration-ms="0" started-at="2019-04-23T09:22:52Z" finished-at="2019-04-23T09:22:52Z">
          <params>
            <param index="0">
              <value>
                <![CDATA[[TestResult name=testRegistration status=SUCCESS method=OnlineShoppingTest.testRegistration()[pri:1, instance:OnlineShoppingTest@1700915] output={null}]]]>
              </value>
            </param>
          </params>
          <reporter-output>
          </reporter-output>
        </test-method> <!-- getResultAfterMethod -->
        <test-method status="PASS" signature="testLogIn(java.lang.String, java.lang.String)[pri:2, instance:OnlineShoppingTest@1700915]" name="testLogIn" duration-ms="741" started-at="2019-04-23T09:22:52Z" data-provider="dp1" finished-at="2019-04-23T09:22:53Z">
          <params>
            <param index="0">
              <value>
                <![CDATA[JayaReddy124]]>
              </value>
            </param>
            <param index="1">
              <value>
                <![CDATA[Jayachandra123]]>
              </value>
            </param>
          </params>
          <reporter-output>
          </reporter-output>
        </test-method> <!-- testLogIn -->
        <test-method status="PASS" signature="getResultAfterMethod(org.testng.ITestResult)[pri:0, instance:OnlineShoppingTest@1700915]" name="getResultAfterMethod" is-config="true" duration-ms="0" started-at="2019-04-23T09:22:53Z" finished-at="2019-04-23T09:22:53Z">
          <params>
            <param index="0">
              <value>
                <![CDATA[[TestResult name=testLogIn status=SUCCESS method=OnlineShoppingTest.testLogIn(java.lang.String, java.lang.String)[pri:2, instance:OnlineShoppingTest@1700915] output={null}]]]>
              </value>
            </param>
          </params>
          <reporter-output>
          </reporter-output>
        </test-method> <!-- getResultAfterMethod -->
        <test-method status="PASS" signature="testCart()[pri:3, instance:OnlineShoppingTest@1700915]" name="testCart" duration-ms="6235" started-at="2019-04-23T09:22:53Z" finished-at="2019-04-23T09:22:59Z">
          <reporter-output>
          </reporter-output>
        </test-method> <!-- testCart -->
        <test-method status="PASS" signature="getResultAfterMethod(org.testng.ITestResult)[pri:0, instance:OnlineShoppingTest@1700915]" name="getResultAfterMethod" is-config="true" duration-ms="1" started-at="2019-04-23T09:22:59Z" finished-at="2019-04-23T09:22:59Z">
          <params>
            <param index="0">
              <value>
                <![CDATA[[TestResult name=testCart status=SUCCESS method=OnlineShoppingTest.testCart()[pri:3, instance:OnlineShoppingTest@1700915] output={null}]]]>
              </value>
            </param>
          </params>
          <reporter-output>
          </reporter-output>
        </test-method> <!-- getResultAfterMethod -->
        <test-method status="PASS" signature="testPayment()[pri:4, instance:OnlineShoppingTest@1700915]" name="testPayment" duration-ms="929" started-at="2019-04-23T09:22:59Z" finished-at="2019-04-23T09:23:00Z">
          <reporter-output>
          </reporter-output>
        </test-method> <!-- testPayment -->
        <test-method status="PASS" signature="getResultAfterMethod(org.testng.ITestResult)[pri:0, instance:OnlineShoppingTest@1700915]" name="getResultAfterMethod" is-config="true" duration-ms="1" started-at="2019-04-23T09:23:00Z" finished-at="2019-04-23T09:23:00Z">
          <params>
            <param index="0">
              <value>
                <![CDATA[[TestResult name=testPayment status=SUCCESS method=OnlineShoppingTest.testPayment()[pri:4, instance:OnlineShoppingTest@1700915] output={null}]]]>
              </value>
            </param>
          </params>
          <reporter-output>
          </reporter-output>
        </test-method> <!-- getResultAfterMethod -->
        <test-method status="PASS" signature="endReportAfterTest()[pri:0, instance:OnlineShoppingTest@1700915]" name="endReportAfterTest" is-config="true" duration-ms="1028" started-at="2019-04-23T09:23:00Z" finished-at="2019-04-23T09:23:01Z">
          <reporter-output>
          </reporter-output>
        </test-method> <!-- endReportAfterTest -->
      </class> <!-- OnlineShoppingTest -->
    </test> <!-- Default test -->
  </suite> <!-- Default suite -->
</testng-results>
