<?xml version="1.0" encoding="UTF-8"?>
<!-- Generated by org.testng.reporters.JUnitXMLReporter -->
<testsuite hostname="BDC6-DX-3M93N62" ignored="0" tests="4" failures="0" timestamp="23 Apr 2019 09:23:01 GMT" time="23.461" errors="0">
  <testcase name="testRegistration" time="3.144" classname="OnlineShoppingTest"/>
  <testcase name="testLogIn" time="0.741" classname="OnlineShoppingTest"/>
  <testcase name="testCart" time="6.235" classname="OnlineShoppingTest"/>
  <testcase name="testPayment" time="0.929" classname="OnlineShoppingTest"/>
</testsuite>
